<?xml version="1.0" encoding="UTF-8"?>
<testsuites>
    <testsuite name="search-soccer-player-testing;soccer-player-search-for-adam" tests="2" failures="0" skipped="0">
        <properties>
            <property name="URI" value="d:/Academias/UAB/Automatizacion de Pruebas/Proyecto/test-pyramid/test/e2e-test/features/search-player.feature">
            </property>
        </properties>
        <testcase name="When I search for an existing player &quot;Adam&quot;" classname="search-soccer-player-testing;soccer-player-search-for-adam" time="9.9025452">
        </testcase>
        <testcase name="Then I should see a successful message like &quot;Soccer Players Found&quot; in the result" classname="search-soccer-player-testing;soccer-player-search-for-adam" time="0.0854946">
        </testcase>
    </testsuite>
    <testsuite name="search-soccer-player-testing;soccer-player-search-for-carlos" tests="2" failures="0" skipped="0">
        <properties>
            <property name="URI" value="d:/Academias/UAB/Automatizacion de Pruebas/Proyecto/test-pyramid/test/e2e-test/features/search-player.feature">
            </property>
        </properties>
        <testcase name="When I search for a no existing player &quot;Carlos&quot;" classname="search-soccer-player-testing;soccer-player-search-for-carlos" time="9.196081599">
        </testcase>
        <testcase name="Then I should see an unsuccessful message like &quot;No Soccer Player Found!&quot; in the result" classname="search-soccer-player-testing;soccer-player-search-for-carlos" time="0.0443694">
        </testcase>
    </testsuite>
</testsuites>